{"C:\\Users\\ivanm\\OneDrive\\Escritorio\\Development\\n5-challenge\\host-app\\src\\App.tsx": {"path":"C:\\Users\\ivanm\\OneDrive\\Escritorio\\Development\\n5-challenge\\host-app\\src\\App.tsx","statementMap":{"0":{"start":{"line":3,"column":0},"end":{"line":3,"column":30}},"1":{"start":{"line":5,"column":0},"end":{"line":5,"column":59}},"2":{"start":{"line":6,"column":0},"end":{"line":6,"column":46}},"3":{"start":{"line":7,"column":0},"end":{"line":7,"column":25}},"4":{"start":{"line":8,"column":0},"end":{"line":8,"column":84}},"5":{"start":{"line":10,"column":0},"end":{"line":10,"column":214}},"6":{"start":{"line":11,"column":0},"end":{"line":11,"column":54}},"7":{"start":{"line":13,"column":31},"end":{"line":13,"column":81}},"8":{"start":{"line":13,"column":42},"end":{"line":13,"column":80}},"9":{"start":{"line":14,"column":30},"end":{"line":14,"column":79}},"10":{"start":{"line":14,"column":41},"end":{"line":14,"column":78}},"11":{"start":{"line":17,"column":2},"end":{"line":29,"column":null}},"12":{"start":{"line":33,"column":22},"end":{"line":249,"column":1}},"13":{"start":{"line":34,"column":16},"end":{"line":34,"column":null}},"14":{"start":{"line":35,"column":34},"end":{"line":35,"column":49}},"15":{"start":{"line":35,"column":17},"end":{"line":35,"column":19}},"16":{"start":{"line":35,"column":30},"end":{"line":35,"column":34}},"17":{"start":{"line":36,"column":36},"end":{"line":36,"column":51}},"18":{"start":{"line":36,"column":18},"end":{"line":36,"column":20}},"19":{"start":{"line":36,"column":32},"end":{"line":36,"column":36}},"20":{"start":{"line":37,"column":48},"end":{"line":37,"column":63}},"21":{"start":{"line":37,"column":24},"end":{"line":37,"column":26}},"22":{"start":{"line":37,"column":44},"end":{"line":37,"column":48}},"23":{"start":{"line":38,"column":50},"end":{"line":38,"column":65}},"24":{"start":{"line":38,"column":25},"end":{"line":38,"column":27}},"25":{"start":{"line":38,"column":46},"end":{"line":38,"column":50}},"26":{"start":{"line":39,"column":28},"end":{"line":39,"column":43}},"27":{"start":{"line":39,"column":14},"end":{"line":39,"column":16}},"28":{"start":{"line":39,"column":24},"end":{"line":39,"column":28}},"29":{"start":{"line":41,"column":40},"end":{"line":41,"column":63}},"30":{"start":{"line":41,"column":20},"end":{"line":41,"column":22}},"31":{"start":{"line":41,"column":36},"end":{"line":41,"column":40}},"32":{"start":{"line":42,"column":36},"end":{"line":42,"column":47}},"33":{"start":{"line":42,"column":18},"end":{"line":42,"column":20}},"34":{"start":{"line":42,"column":32},"end":{"line":42,"column":36}},"35":{"start":{"line":44,"column":2},"end":{"line":49,"column":null}},"36":{"start":{"line":45,"column":21},"end":{"line":47,"column":11}},"37":{"start":{"line":46,"column":6},"end":{"line":46,"column":null}},"38":{"start":{"line":46,"column":29},"end":{"line":46,"column":44}},"39":{"start":{"line":48,"column":4},"end":{"line":48,"column":null}},"40":{"start":{"line":48,"column":17},"end":{"line":48,"column":null}},"41":{"start":{"line":51,"column":2},"end":{"line":64,"column":null}},"42":{"start":{"line":52,"column":26},"end":{"line":52,"column":57}},"43":{"start":{"line":52,"column":43},"end":{"line":52,"column":null}},"44":{"start":{"line":53,"column":26},"end":{"line":53,"column":40}},"45":{"start":{"line":53,"column":32},"end":{"line":53,"column":null}},"46":{"start":{"line":55,"column":4},"end":{"line":55,"column":null}},"47":{"start":{"line":56,"column":4},"end":{"line":56,"column":null}},"48":{"start":{"line":58,"column":4},"end":{"line":58,"column":null}},"49":{"start":{"line":58,"column":28},"end":{"line":58,"column":null}},"50":{"start":{"line":60,"column":4},"end":{"line":63,"column":null}},"51":{"start":{"line":61,"column":6},"end":{"line":61,"column":null}},"52":{"start":{"line":62,"column":6},"end":{"line":62,"column":null}},"53":{"start":{"line":66,"column":31},"end":{"line":68,"column":3}},"54":{"start":{"line":67,"column":4},"end":{"line":67,"column":null}},"55":{"start":{"line":70,"column":2},"end":{"line":70,"column":null}},"56":{"start":{"line":70,"column":14},"end":{"line":70,"column":null}},"57":{"start":{"line":73,"column":25},"end":{"line":83,"column":3}},"58":{"start":{"line":74,"column":4},"end":{"line":82,"column":5}},"59":{"start":{"line":75,"column":6},"end":{"line":75,"column":null}},"60":{"start":{"line":76,"column":6},"end":{"line":79,"column":null}},"61":{"start":{"line":77,"column":8},"end":{"line":77,"column":null}},"62":{"start":{"line":78,"column":8},"end":{"line":78,"column":null}},"63":{"start":{"line":81,"column":6},"end":{"line":81,"column":null}},"64":{"start":{"line":84,"column":26},"end":{"line":94,"column":3}},"65":{"start":{"line":85,"column":4},"end":{"line":93,"column":5}},"66":{"start":{"line":86,"column":6},"end":{"line":86,"column":null}},"67":{"start":{"line":87,"column":6},"end":{"line":90,"column":null}},"68":{"start":{"line":88,"column":8},"end":{"line":88,"column":null}},"69":{"start":{"line":89,"column":8},"end":{"line":89,"column":null}},"70":{"start":{"line":92,"column":6},"end":{"line":92,"column":null}},"71":{"start":{"line":96,"column":2},"end":{"line":248,"column":null}},"72":{"start":{"line":251,"column":0},"end":{"line":251,"column":null}}},"fnMap":{"0":{"name":"(anonymous_10)","decl":{"start":{"line":13,"column":36},"end":{"line":13,"column":42}},"loc":{"start":{"line":13,"column":36},"end":{"line":13,"column":49}}},"1":{"name":"(anonymous_11)","decl":{"start":{"line":13,"column":42},"end":{"line":13,"column":49}},"loc":{"start":{"line":13,"column":42},"end":{"line":13,"column":80}}},"2":{"name":"(anonymous_12)","decl":{"start":{"line":14,"column":35},"end":{"line":14,"column":41}},"loc":{"start":{"line":14,"column":35},"end":{"line":14,"column":48}}},"3":{"name":"(anonymous_13)","decl":{"start":{"line":14,"column":41},"end":{"line":14,"column":48}},"loc":{"start":{"line":14,"column":41},"end":{"line":14,"column":78}}},"4":{"name":"(anonymous_14)","decl":{"start":{"line":33,"column":22},"end":{"line":33,"column":null}},"loc":{"start":{"line":33,"column":22},"end":{"line":249,"column":1}}},"5":{"name":"(anonymous_15)","decl":{"start":{"line":44,"column":12},"end":{"line":44,"column":null}},"loc":{"start":{"line":44,"column":12},"end":{"line":49,"column":3}}},"6":{"name":"(anonymous_16)","decl":{"start":{"line":45,"column":33},"end":{"line":45,"column":null}},"loc":{"start":{"line":45,"column":33},"end":{"line":47,"column":5}}},"7":{"name":"(anonymous_17)","decl":{"start":{"line":46,"column":19},"end":{"line":46,"column":20}},"loc":{"start":{"line":46,"column":24},"end":{"line":46,"column":30}}},"8":{"name":"(anonymous_18)","decl":{"start":{"line":48,"column":11},"end":{"line":48,"column":17}},"loc":{"start":{"line":48,"column":11},"end":{"line":48,"column":30}}},"9":{"name":"(anonymous_19)","decl":{"start":{"line":51,"column":12},"end":{"line":51,"column":null}},"loc":{"start":{"line":51,"column":12},"end":{"line":64,"column":3}}},"10":{"name":"(anonymous_20)","decl":{"start":{"line":52,"column":26},"end":{"line":52,"column":27}},"loc":{"start":{"line":52,"column":38},"end":{"line":52,"column":57}}},"11":{"name":"(anonymous_21)","decl":{"start":{"line":53,"column":26},"end":{"line":53,"column":32}},"loc":{"start":{"line":53,"column":26},"end":{"line":53,"column":40}}},"12":{"name":"(anonymous_22)","decl":{"start":{"line":60,"column":11},"end":{"line":60,"column":null}},"loc":{"start":{"line":60,"column":11},"end":{"line":63,"column":5}}},"13":{"name":"(anonymous_23)","decl":{"start":{"line":66,"column":31},"end":{"line":66,"column":32}},"loc":{"start":{"line":66,"column":44},"end":{"line":68,"column":3}}},"14":{"name":"(anonymous_24)","decl":{"start":{"line":73,"column":25},"end":{"line":73,"column":null}},"loc":{"start":{"line":73,"column":25},"end":{"line":83,"column":3}}},"15":{"name":"(anonymous_25)","decl":{"start":{"line":76,"column":17},"end":{"line":76,"column":null}},"loc":{"start":{"line":76,"column":17},"end":{"line":79,"column":7}}},"16":{"name":"(anonymous_26)","decl":{"start":{"line":84,"column":26},"end":{"line":84,"column":null}},"loc":{"start":{"line":84,"column":26},"end":{"line":94,"column":3}}},"17":{"name":"(anonymous_27)","decl":{"start":{"line":87,"column":17},"end":{"line":87,"column":null}},"loc":{"start":{"line":87,"column":17},"end":{"line":90,"column":7}}}},"branchMap":{"0":{"loc":{"start":{"line":58,"column":4},"end":{"line":58,"column":null}},"type":"if","locations":[{"start":{"line":58,"column":4},"end":{"line":58,"column":null}}]},"1":{"loc":{"start":{"line":70,"column":2},"end":{"line":70,"column":null}},"type":"if","locations":[{"start":{"line":70,"column":2},"end":{"line":70,"column":null}}]},"2":{"loc":{"start":{"line":74,"column":4},"end":{"line":82,"column":5}},"type":"if","locations":[{"start":{"line":74,"column":4},"end":{"line":82,"column":5}},{"start":{"line":80,"column":11},"end":{"line":82,"column":5}}]},"3":{"loc":{"start":{"line":85,"column":4},"end":{"line":93,"column":5}},"type":"if","locations":[{"start":{"line":85,"column":4},"end":{"line":93,"column":5}},{"start":{"line":91,"column":11},"end":{"line":93,"column":5}}]},"4":{"loc":{"start":{"line":122,"column":35},"end":{"line":122,"column":72}},"type":"cond-expr","locations":[{"start":{"line":122,"column":53},"end":{"line":122,"column":67}},{"start":{"line":122,"column":70},"end":{"line":122,"column":72}}]},"5":{"loc":{"start":{"line":123,"column":35},"end":{"line":123,"column":72}},"type":"cond-expr","locations":[{"start":{"line":123,"column":53},"end":{"line":123,"column":67}},{"start":{"line":123,"column":70},"end":{"line":123,"column":72}}]},"6":{"loc":{"start":{"line":124,"column":35},"end":{"line":124,"column":72}},"type":"cond-expr","locations":[{"start":{"line":124,"column":53},"end":{"line":124,"column":67}},{"start":{"line":124,"column":70},"end":{"line":124,"column":72}}]},"7":{"loc":{"start":{"line":130,"column":100},"end":{"line":130,"column":146}},"type":"cond-expr","locations":[{"start":{"line":130,"column":125},"end":{"line":130,"column":133}},{"start":{"line":130,"column":136},"end":{"line":130,"column":146}}]},"8":{"loc":{"start":{"line":170,"column":27},"end":{"line":170,"column":55}},"type":"cond-expr","locations":[{"start":{"line":170,"column":38},"end":{"line":170,"column":46}},{"start":{"line":170,"column":49},"end":{"line":170,"column":55}}]},"9":{"loc":{"start":{"line":171,"column":24},"end":{"line":171,"column":47}},"type":"cond-expr","locations":[{"start":{"line":171,"column":35},"end":{"line":171,"column":40}},{"start":{"line":171,"column":43},"end":{"line":171,"column":47}}]},"10":{"loc":{"start":{"line":172,"column":30},"end":{"line":172,"column":96}},"type":"cond-expr","locations":[{"start":{"line":172,"column":41},"end":{"line":172,"column":67}},{"start":{"line":172,"column":70},"end":{"line":172,"column":96}}]},"11":{"loc":{"start":{"line":174,"column":19},"end":{"line":174,"column":85}},"type":"cond-expr","locations":[{"start":{"line":174,"column":30},"end":{"line":174,"column":56}},{"start":{"line":174,"column":59},"end":{"line":174,"column":85}}]},"12":{"loc":{"start":{"line":177,"column":15},"end":{"line":180,"column":null}},"type":"binary-expr","locations":[{"start":{"line":177,"column":16},"end":{"line":177,"column":31}},{"start":{"line":178,"column":16},"end":{"line":179,"column":null}}]},"13":{"loc":{"start":{"line":182,"column":15},"end":{"line":185,"column":null}},"type":"binary-expr","locations":[{"start":{"line":182,"column":15},"end":{"line":182,"column":23}},{"start":{"line":182,"column":27},"end":{"line":182,"column":43}},{"start":{"line":183,"column":16},"end":{"line":184,"column":null}}]},"14":{"loc":{"start":{"line":226,"column":27},"end":{"line":226,"column":57}},"type":"cond-expr","locations":[{"start":{"line":226,"column":39},"end":{"line":226,"column":47}},{"start":{"line":226,"column":50},"end":{"line":226,"column":57}}]},"15":{"loc":{"start":{"line":227,"column":24},"end":{"line":227,"column":48}},"type":"cond-expr","locations":[{"start":{"line":227,"column":36},"end":{"line":227,"column":41}},{"start":{"line":227,"column":44},"end":{"line":227,"column":48}}]},"16":{"loc":{"start":{"line":228,"column":30},"end":{"line":228,"column":97}},"type":"cond-expr","locations":[{"start":{"line":228,"column":42},"end":{"line":228,"column":68}},{"start":{"line":228,"column":71},"end":{"line":228,"column":97}}]},"17":{"loc":{"start":{"line":230,"column":19},"end":{"line":230,"column":86}},"type":"cond-expr","locations":[{"start":{"line":230,"column":31},"end":{"line":230,"column":57}},{"start":{"line":230,"column":60},"end":{"line":230,"column":86}}]},"18":{"loc":{"start":{"line":233,"column":15},"end":{"line":236,"column":null}},"type":"binary-expr","locations":[{"start":{"line":233,"column":16},"end":{"line":233,"column":32}},{"start":{"line":234,"column":16},"end":{"line":235,"column":null}}]},"19":{"loc":{"start":{"line":238,"column":15},"end":{"line":241,"column":null}},"type":"binary-expr","locations":[{"start":{"line":238,"column":15},"end":{"line":238,"column":24}},{"start":{"line":238,"column":28},"end":{"line":238,"column":45}},{"start":{"line":239,"column":16},"end":{"line":240,"column":null}}]}},"s":{"0":0,"1":0,"2":0,"3":0,"4":0,"5":0,"6":0,"7":0,"8":0,"9":0,"10":0,"11":0,"12":0,"13":0,"14":0,"15":0,"16":0,"17":0,"18":0,"19":0,"20":0,"21":0,"22":0,"23":0,"24":0,"25":0,"26":0,"27":0,"28":0,"29":0,"30":0,"31":0,"32":0,"33":0,"34":0,"35":0,"36":0,"37":0,"38":0,"39":0,"40":0,"41":0,"42":0,"43":0,"44":0,"45":0,"46":0,"47":0,"48":0,"49":0,"50":0,"51":0,"52":0,"53":0,"54":0,"55":0,"56":0,"57":0,"58":0,"59":0,"60":0,"61":0,"62":0,"63":0,"64":0,"65":0,"66":0,"67":0,"68":0,"69":0,"70":0,"71":0,"72":0},"f":{"0":0,"1":0,"2":0,"3":0,"4":0,"5":0,"6":0,"7":0,"8":0,"9":0,"10":0,"11":0,"12":0,"13":0,"14":0,"15":0,"16":0,"17":0},"b":{"0":[0],"1":[0],"2":[0,0],"3":[0,0],"4":[0,0],"5":[0,0],"6":[0,0],"7":[0,0],"8":[0,0],"9":[0,0],"10":[0,0],"11":[0,0],"12":[0,0],"13":[0,0,0],"14":[0,0],"15":[0,0],"16":[0,0],"17":[0,0],"18":[0,0],"19":[0,0,0]}}
,"C:\\Users\\ivanm\\OneDrive\\Escritorio\\Development\\n5-challenge\\host-app\\src\\bootstrap.tsx": {"path":"C:\\Users\\ivanm\\OneDrive\\Escritorio\\Development\\n5-challenge\\host-app\\src\\bootstrap.tsx","statementMap":{"0":{"start":{"line":1,"column":0},"end":{"line":1,"column":25}},"1":{"start":{"line":2,"column":0},"end":{"line":2,"column":39}},"2":{"start":{"line":3,"column":0},"end":{"line":3,"column":23}},"3":{"start":{"line":5,"column":13},"end":{"line":5,"column":80}},"4":{"start":{"line":7,"column":0},"end":{"line":11,"column":null}}},"fnMap":{},"branchMap":{},"s":{"0":0,"1":0,"2":0,"3":0,"4":0},"f":{},"b":{}}
,"C:\\Users\\ivanm\\OneDrive\\Escritorio\\Development\\n5-challenge\\host-app\\src\\components\\Layout\\Header\\Header.styles.ts": {"path":"C:\\Users\\ivanm\\OneDrive\\Escritorio\\Development\\n5-challenge\\host-app\\src\\components\\Layout\\Header\\Header.styles.ts","statementMap":{"0":{"start":{"line":1,"column":0},"end":{"line":1,"column":38}},"1":{"start":{"line":3,"column":13},"end":{"line":25,"column":null}}},"fnMap":{},"branchMap":{"0":{"loc":{"start":{"line":3,"column":44},"end":{"line":25,"column":null}},"type":"binary-expr","locations":[{"start":{"line":3,"column":44},"end":{"line":3,"column":null}},{"start":{"line":3,"column":44},"end":{"line":25,"column":null}}]}},"s":{"0":0,"1":0},"f":{},"b":{"0":[0,0]}}
,"C:\\Users\\ivanm\\OneDrive\\Escritorio\\Development\\n5-challenge\\host-app\\src\\components\\Layout\\Header\\Header.tsx": {"path":"C:\\Users\\ivanm\\OneDrive\\Escritorio\\Development\\n5-challenge\\host-app\\src\\components\\Layout\\Header\\Header.tsx","statementMap":{"0":{"start":{"line":2,"column":0},"end":{"line":2,"column":46}},"1":{"start":{"line":3,"column":0},"end":{"line":3,"column":63}},"2":{"start":{"line":4,"column":0},"end":{"line":4,"column":49}},"3":{"start":{"line":5,"column":0},"end":{"line":5,"column":77}},"4":{"start":{"line":7,"column":32},"end":{"line":22,"column":1}},"5":{"start":{"line":8,"column":16},"end":{"line":8,"column":null}},"6":{"start":{"line":9,"column":39},"end":{"line":9,"column":52}},"7":{"start":{"line":9,"column":18},"end":{"line":9,"column":20}},"8":{"start":{"line":9,"column":34},"end":{"line":9,"column":39}},"9":{"start":{"line":11,"column":2},"end":{"line":21,"column":null}},"10":{"start":{"line":7,"column":13},"end":{"line":7,"column":32}}},"fnMap":{"0":{"name":"(anonymous_0)","decl":{"start":{"line":7,"column":32},"end":{"line":7,"column":null}},"loc":{"start":{"line":7,"column":32},"end":{"line":22,"column":1}}}},"branchMap":{},"s":{"0":0,"1":0,"2":0,"3":0,"4":0,"5":0,"6":0,"7":0,"8":0,"9":0,"10":0},"f":{"0":0},"b":{}}
,"C:\\Users\\ivanm\\OneDrive\\Escritorio\\Development\\n5-challenge\\host-app\\src\\components\\MicrofrontendLoader\\MicrofrontendLoader.tsx": {"path":"C:\\Users\\ivanm\\OneDrive\\Escritorio\\Development\\n5-challenge\\host-app\\src\\components\\MicrofrontendLoader\\MicrofrontendLoader.tsx","statementMap":{"0":{"start":{"line":4,"column":0},"end":{"line":4,"column":38}},"1":{"start":{"line":5,"column":0},"end":{"line":5,"column":60}},"2":{"start":{"line":6,"column":0},"end":{"line":6,"column":68}},"3":{"start":{"line":13,"column":71},"end":{"line":27,"column":1}},"4":{"start":{"line":13,"column":91},"end":{"line":13,"column":93}},"5":{"start":{"line":13,"column":106},"end":{"line":13,"column":108}},"6":{"start":{"line":14,"column":23},"end":{"line":14,"column":null}},"7":{"start":{"line":16,"column":24},"end":{"line":19,"column":null}},"8":{"start":{"line":19,"column":6},"end":{"line":19,"column":53}},"9":{"start":{"line":19,"column":52},"end":{"line":19,"column":53}},"10":{"start":{"line":22,"column":2},"end":{"line":26,"column":null}},"11":{"start":{"line":13,"column":13},"end":{"line":13,"column":71}}},"fnMap":{"0":{"name":"(anonymous_9)","decl":{"start":{"line":13,"column":71},"end":{"line":13,"column":72}},"loc":{"start":{"line":13,"column":108},"end":{"line":27,"column":1}}},"1":{"name":"(anonymous_10)","decl":{"start":{"line":17,"column":4},"end":{"line":17,"column":null}},"loc":{"start":{"line":17,"column":4},"end":{"line":19,"column":13}}},"2":{"name":"(anonymous_11)","decl":{"start":{"line":19,"column":52},"end":{"line":19,"column":53}},"loc":{"start":{"line":19,"column":52},"end":{"line":19,"column":53}}}},"branchMap":{},"s":{"0":0,"1":0,"2":0,"3":0,"4":0,"5":0,"6":0,"7":0,"8":0,"9":0,"10":0,"11":0},"f":{"0":0,"1":0,"2":0},"b":{}}
,"C:\\Users\\ivanm\\OneDrive\\Escritorio\\Development\\n5-challenge\\host-app\\src\\components\\UI\\Button\\Button.styles.ts": {"path":"C:\\Users\\ivanm\\OneDrive\\Escritorio\\Development\\n5-challenge\\host-app\\src\\components\\UI\\Button\\Button.styles.ts","statementMap":{"0":{"start":{"line":1,"column":0},"end":{"line":1,"column":58}},"1":{"start":{"line":3,"column":12},"end":{"line":8,"column":2}},"2":{"start":{"line":10,"column":13},"end":{"line":35,"column":null}}},"fnMap":{},"branchMap":{"0":{"loc":{"start":{"line":3,"column":24},"end":{"line":8,"column":2}},"type":"binary-expr","locations":[{"start":{"line":3,"column":24},"end":{"line":3,"column":null}},{"start":{"line":3,"column":24},"end":{"line":8,"column":2}}]},"1":{"loc":{"start":{"line":10,"column":41},"end":{"line":75,"column":null}},"type":"binary-expr","locations":[{"start":{"line":10,"column":41},"end":{"line":10,"column":null}},{"start":{"line":10,"column":41},"end":{"line":75,"column":null}}]}},"s":{"0":1,"1":1,"2":1},"f":{},"b":{"0":[1,1],"1":[1,1]}}
,"C:\\Users\\ivanm\\OneDrive\\Escritorio\\Development\\n5-challenge\\host-app\\src\\components\\UI\\Button\\Button.tsx": {"path":"C:\\Users\\ivanm\\OneDrive\\Escritorio\\Development\\n5-challenge\\host-app\\src\\components\\UI\\Button\\Button.tsx","statementMap":{"0":{"start":{"line":4,"column":0},"end":{"line":4,"column":46}},"1":{"start":{"line":15,"column":45},"end":{"line":31,"column":1}},"2":{"start":{"line":16,"column":10},"end":{"line":16,"column":null}},"3":{"start":{"line":17,"column":9},"end":{"line":17,"column":null}},"4":{"start":{"line":18,"column":2},"end":{"line":18,"column":10}},"5":{"start":{"line":18,"column":10},"end":{"line":18,"column":null}},"6":{"start":{"line":19,"column":2},"end":{"line":19,"column":11}},"7":{"start":{"line":19,"column":11},"end":{"line":19,"column":null}},"8":{"start":{"line":20,"column":6},"end":{"line":20,"column":null}},"9":{"start":{"line":21,"column":2},"end":{"line":21,"column":9}},"10":{"start":{"line":21,"column":9},"end":{"line":21,"column":null}},"11":{"start":{"line":23,"column":22},"end":{"line":23,"column":89}},"12":{"start":{"line":25,"column":2},"end":{"line":30,"column":4}},"13":{"start":{"line":15,"column":13},"end":{"line":15,"column":45}}},"fnMap":{"0":{"name":"(anonymous_0)","decl":{"start":{"line":15,"column":45},"end":{"line":15,"column":46}},"loc":{"start":{"line":22,"column":1},"end":{"line":31,"column":1}}}},"branchMap":{"0":{"loc":{"start":{"line":18,"column":10},"end":{"line":18,"column":null}},"type":"cond-expr","locations":[{"start":{"line":18,"column":13},"end":{"line":18,"column":18}},{"start":{"line":18,"column":18},"end":{"line":18,"column":null}}]},"1":{"loc":{"start":{"line":19,"column":11},"end":{"line":19,"column":null}},"type":"cond-expr","locations":[{"start":{"line":19,"column":14},"end":{"line":19,"column":16}},{"start":{"line":19,"column":16},"end":{"line":19,"column":null}}]},"2":{"loc":{"start":{"line":21,"column":9},"end":{"line":21,"column":null}},"type":"cond-expr","locations":[{"start":{"line":21,"column":12},"end":{"line":21,"column":21}},{"start":{"line":21,"column":21},"end":{"line":21,"column":null}}]},"3":{"loc":{"start":{"line":23,"column":31},"end":{"line":23,"column":67}},"type":"cond-expr","locations":[{"start":{"line":23,"column":41},"end":{"line":23,"column":62}},{"start":{"line":23,"column":65},"end":{"line":23,"column":67}}]},"4":{"loc":{"start":{"line":27,"column":7},"end":{"line":27,"column":78}},"type":"binary-expr","locations":[{"start":{"line":27,"column":7},"end":{"line":27,"column":11}},{"start":{"line":27,"column":15},"end":{"line":27,"column":78}}]}},"s":{"0":1,"1":1,"2":4,"3":4,"4":4,"5":4,"6":4,"7":4,"8":4,"9":4,"10":4,"11":4,"12":4,"13":1},"f":{"0":4},"b":{"0":[3,1],"1":[4,0],"2":[3,1],"3":[4,0],"4":[4,0]}}
,"C:\\Users\\ivanm\\OneDrive\\Escritorio\\Development\\n5-challenge\\host-app\\src\\components\\UI\\LanguageSwitcher\\LanguageSwitcher.styles.ts": {"path":"C:\\Users\\ivanm\\OneDrive\\Escritorio\\Development\\n5-challenge\\host-app\\src\\components\\UI\\LanguageSwitcher\\LanguageSwitcher.styles.ts","statementMap":{"0":{"start":{"line":1,"column":0},"end":{"line":1,"column":39}},"1":{"start":{"line":3,"column":13},"end":{"line":50,"column":2}}},"fnMap":{},"branchMap":{"0":{"loc":{"start":{"line":3,"column":51},"end":{"line":50,"column":2}},"type":"binary-expr","locations":[{"start":{"line":3,"column":51},"end":{"line":3,"column":null}},{"start":{"line":3,"column":51},"end":{"line":50,"column":2}}]}},"s":{"0":1,"1":1},"f":{},"b":{"0":[1,1]}}
,"C:\\Users\\ivanm\\OneDrive\\Escritorio\\Development\\n5-challenge\\host-app\\src\\components\\UI\\LanguageSwitcher\\LanguageSwitcher.tsx": {"path":"C:\\Users\\ivanm\\OneDrive\\Escritorio\\Development\\n5-challenge\\host-app\\src\\components\\UI\\LanguageSwitcher\\LanguageSwitcher.tsx","statementMap":{"0":{"start":{"line":4,"column":0},"end":{"line":4,"column":69}},"1":{"start":{"line":12,"column":65},"end":{"line":47,"column":1}},"2":{"start":{"line":12,"column":76},"end":{"line":12,"column":78}},"3":{"start":{"line":12,"column":94},"end":{"line":12,"column":96}},"4":{"start":{"line":12,"column":101},"end":{"line":12,"column":103}},"5":{"start":{"line":13,"column":31},"end":{"line":15,"column":3}},"6":{"start":{"line":14,"column":4},"end":{"line":14,"column":null}},"7":{"start":{"line":17,"column":2},"end":{"line":46,"column":null}},"8":{"start":{"line":12,"column":13},"end":{"line":12,"column":65}}},"fnMap":{"0":{"name":"(anonymous_0)","decl":{"start":{"line":12,"column":65},"end":{"line":12,"column":66}},"loc":{"start":{"line":12,"column":103},"end":{"line":47,"column":1}}},"1":{"name":"(anonymous_1)","decl":{"start":{"line":13,"column":31},"end":{"line":13,"column":32}},"loc":{"start":{"line":13,"column":75},"end":{"line":15,"column":3}}}},"branchMap":{},"s":{"0":1,"1":1,"2":5,"3":5,"4":5,"5":5,"6":1,"7":5,"8":1},"f":{"0":5,"1":1},"b":{}}
,"C:\\Users\\ivanm\\OneDrive\\Escritorio\\Development\\n5-challenge\\host-app\\src\\components\\UI\\LoadingSpinner\\LoadingSpinner.styles.ts": {"path":"C:\\Users\\ivanm\\OneDrive\\Escritorio\\Development\\n5-challenge\\host-app\\src\\components\\UI\\LoadingSpinner\\LoadingSpinner.styles.ts","statementMap":{"0":{"start":{"line":1,"column":0},"end":{"line":1,"column":53}},"1":{"start":{"line":3,"column":10},"end":{"line":6,"column":null}},"2":{"start":{"line":8,"column":13},"end":{"line":21,"column":null}}},"fnMap":{},"branchMap":{"0":{"loc":{"start":{"line":3,"column":22},"end":{"line":6,"column":null}},"type":"binary-expr","locations":[{"start":{"line":3,"column":22},"end":{"line":3,"column":null}},{"start":{"line":3,"column":22},"end":{"line":6,"column":null}}]},"1":{"loc":{"start":{"line":8,"column":42},"end":{"line":30,"column":null}},"type":"binary-expr","locations":[{"start":{"line":8,"column":42},"end":{"line":8,"column":null}},{"start":{"line":8,"column":42},"end":{"line":30,"column":null}}]}},"s":{"0":0,"1":0,"2":0},"f":{},"b":{"0":[0,0],"1":[0,0]}}
,"C:\\Users\\ivanm\\OneDrive\\Escritorio\\Development\\n5-challenge\\host-app\\src\\components\\UI\\LoadingSpinner\\LoadingSpinner.tsx": {"path":"C:\\Users\\ivanm\\OneDrive\\Escritorio\\Development\\n5-challenge\\host-app\\src\\components\\UI\\LoadingSpinner\\LoadingSpinner.tsx","statementMap":{"0":{"start":{"line":2,"column":0},"end":{"line":2,"column":46}},"1":{"start":{"line":3,"column":0},"end":{"line":3,"column":58}},"2":{"start":{"line":5,"column":40},"end":{"line":14,"column":1}},"3":{"start":{"line":6,"column":16},"end":{"line":6,"column":null}},"4":{"start":{"line":8,"column":2},"end":{"line":13,"column":null}},"5":{"start":{"line":5,"column":13},"end":{"line":5,"column":40}}},"fnMap":{"0":{"name":"(anonymous_0)","decl":{"start":{"line":5,"column":40},"end":{"line":5,"column":null}},"loc":{"start":{"line":5,"column":40},"end":{"line":14,"column":1}}}},"branchMap":{},"s":{"0":0,"1":0,"2":0,"3":0,"4":0,"5":0},"f":{"0":0},"b":{}}
,"C:\\Users\\ivanm\\OneDrive\\Escritorio\\Development\\n5-challenge\\host-app\\src\\components\\UI\\Title\\Title.styles.ts": {"path":"C:\\Users\\ivanm\\OneDrive\\Escritorio\\Development\\n5-challenge\\host-app\\src\\components\\UI\\Title\\Title.styles.ts","statementMap":{"0":{"start":{"line":1,"column":0},"end":{"line":1,"column":59}},"1":{"start":{"line":3,"column":13},"end":{"line":17,"column":2}},"2":{"start":{"line":19,"column":13},"end":{"line":27,"column":2}},"3":{"start":{"line":29,"column":13},"end":{"line":43,"column":2}},"4":{"start":{"line":45,"column":13},"end":{"line":70,"column":2}},"5":{"start":{"line":72,"column":13},"end":{"line":86,"column":2}},"6":{"start":{"line":88,"column":13},"end":{"line":106,"column":2}},"7":{"start":{"line":108,"column":13},"end":{"line":126,"column":2}},"8":{"start":{"line":128,"column":13},"end":{"line":160,"column":2}},"9":{"start":{"line":162,"column":13},"end":{"line":171,"column":2}},"10":{"start":{"line":173,"column":10},"end":{"line":176,"column":2}},"11":{"start":{"line":178,"column":13},"end":{"line":196,"column":null}},"12":{"start":{"line":201,"column":13},"end":{"line":216,"column":2}}},"fnMap":{},"branchMap":{"0":{"loc":{"start":{"line":3,"column":30},"end":{"line":17,"column":2}},"type":"binary-expr","locations":[{"start":{"line":3,"column":30},"end":{"line":3,"column":null}},{"start":{"line":3,"column":30},"end":{"line":17,"column":2}}]},"1":{"loc":{"start":{"line":19,"column":32},"end":{"line":27,"column":2}},"type":"binary-expr","locations":[{"start":{"line":19,"column":32},"end":{"line":19,"column":null}},{"start":{"line":19,"column":32},"end":{"line":27,"column":2}}]},"2":{"loc":{"start":{"line":29,"column":40},"end":{"line":43,"column":2}},"type":"binary-expr","locations":[{"start":{"line":29,"column":40},"end":{"line":29,"column":null}},{"start":{"line":29,"column":40},"end":{"line":43,"column":2}}]},"3":{"loc":{"start":{"line":45,"column":42},"end":{"line":70,"column":2}},"type":"binary-expr","locations":[{"start":{"line":45,"column":42},"end":{"line":45,"column":null}},{"start":{"line":45,"column":42},"end":{"line":70,"column":2}}]},"4":{"loc":{"start":{"line":72,"column":39},"end":{"line":86,"column":2}},"type":"binary-expr","locations":[{"start":{"line":72,"column":39},"end":{"line":72,"column":null}},{"start":{"line":72,"column":39},"end":{"line":86,"column":2}}]},"5":{"loc":{"start":{"line":88,"column":45},"end":{"line":106,"column":2}},"type":"binary-expr","locations":[{"start":{"line":88,"column":45},"end":{"line":88,"column":null}},{"start":{"line":88,"column":45},"end":{"line":106,"column":2}}]},"6":{"loc":{"start":{"line":108,"column":46},"end":{"line":126,"column":2}},"type":"binary-expr","locations":[{"start":{"line":108,"column":46},"end":{"line":108,"column":null}},{"start":{"line":108,"column":46},"end":{"line":126,"column":2}}]},"7":{"loc":{"start":{"line":128,"column":41},"end":{"line":160,"column":2}},"type":"binary-expr","locations":[{"start":{"line":128,"column":41},"end":{"line":128,"column":null}},{"start":{"line":128,"column":41},"end":{"line":160,"column":2}}]},"8":{"loc":{"start":{"line":162,"column":41},"end":{"line":171,"column":2}},"type":"binary-expr","locations":[{"start":{"line":162,"column":41},"end":{"line":162,"column":null}},{"start":{"line":162,"column":41},"end":{"line":171,"column":2}}]},"9":{"loc":{"start":{"line":173,"column":22},"end":{"line":176,"column":2}},"type":"binary-expr","locations":[{"start":{"line":173,"column":22},"end":{"line":173,"column":null}},{"start":{"line":173,"column":22},"end":{"line":176,"column":2}}]},"10":{"loc":{"start":{"line":178,"column":40},"end":{"line":199,"column":2}},"type":"binary-expr","locations":[{"start":{"line":178,"column":40},"end":{"line":178,"column":null}},{"start":{"line":178,"column":40},"end":{"line":199,"column":2}}]},"11":{"loc":{"start":{"line":201,"column":47},"end":{"line":216,"column":2}},"type":"binary-expr","locations":[{"start":{"line":201,"column":47},"end":{"line":201,"column":null}},{"start":{"line":201,"column":47},"end":{"line":216,"column":2}}]}},"s":{"0":0,"1":0,"2":0,"3":0,"4":0,"5":0,"6":0,"7":0,"8":0,"9":0,"10":0,"11":0,"12":0},"f":{},"b":{"0":[0,0],"1":[0,0],"2":[0,0],"3":[0,0],"4":[0,0],"5":[0,0],"6":[0,0],"7":[0,0],"8":[0,0],"9":[0,0],"10":[0,0],"11":[0,0]}}
,"C:\\Users\\ivanm\\OneDrive\\Escritorio\\Development\\n5-challenge\\host-app\\src\\contexts\\LanguageContext.tsx": {"path":"C:\\Users\\ivanm\\OneDrive\\Escritorio\\Development\\n5-challenge\\host-app\\src\\contexts\\LanguageContext.tsx","statementMap":{"0":{"start":{"line":4,"column":0},"end":{"line":4,"column":75}},"1":{"start":{"line":5,"column":0},"end":{"line":5,"column":26}},"2":{"start":{"line":8,"column":24},"end":{"line":8,"column":81}},"3":{"start":{"line":14,"column":65},"end":{"line":23,"column":1}},"4":{"start":{"line":14,"column":76},"end":{"line":14,"column":78}},"5":{"start":{"line":15,"column":34},"end":{"line":15,"column":57}},"6":{"start":{"line":15,"column":17},"end":{"line":15,"column":19}},"7":{"start":{"line":15,"column":30},"end":{"line":15,"column":34}},"8":{"start":{"line":17,"column":25},"end":{"line":20,"column":3}},"9":{"start":{"line":18,"column":4},"end":{"line":18,"column":null}},"10":{"start":{"line":19,"column":4},"end":{"line":19,"column":null}},"11":{"start":{"line":22,"column":2},"end":{"line":22,"column":null}},"12":{"start":{"line":14,"column":13},"end":{"line":14,"column":65}},"13":{"start":{"line":25,"column":27},"end":{"line":31,"column":1}},"14":{"start":{"line":26,"column":18},"end":{"line":26,"column":45}},"15":{"start":{"line":27,"column":2},"end":{"line":29,"column":3}},"16":{"start":{"line":28,"column":4},"end":{"line":28,"column":null}},"17":{"start":{"line":30,"column":2},"end":{"line":30,"column":null}},"18":{"start":{"line":25,"column":13},"end":{"line":25,"column":27}}},"fnMap":{"0":{"name":"(anonymous_1)","decl":{"start":{"line":14,"column":65},"end":{"line":14,"column":66}},"loc":{"start":{"line":14,"column":78},"end":{"line":23,"column":1}}},"1":{"name":"(anonymous_2)","decl":{"start":{"line":17,"column":25},"end":{"line":17,"column":26}},"loc":{"start":{"line":17,"column":38},"end":{"line":20,"column":3}}},"2":{"name":"(anonymous_3)","decl":{"start":{"line":25,"column":27},"end":{"line":25,"column":null}},"loc":{"start":{"line":25,"column":27},"end":{"line":31,"column":1}}}},"branchMap":{"0":{"loc":{"start":{"line":27,"column":2},"end":{"line":29,"column":3}},"type":"if","locations":[{"start":{"line":27,"column":2},"end":{"line":29,"column":3}}]}},"s":{"0":1,"1":1,"2":1,"3":1,"4":4,"5":4,"6":4,"7":4,"8":4,"9":0,"10":0,"11":4,"12":1,"13":1,"14":0,"15":0,"16":0,"17":0,"18":1},"f":{"0":4,"1":0,"2":0},"b":{"0":[0]}}
,"C:\\Users\\ivanm\\OneDrive\\Escritorio\\Development\\n5-challenge\\host-app\\src\\i18n\\index.ts": {"path":"C:\\Users\\ivanm\\OneDrive\\Escritorio\\Development\\n5-challenge\\host-app\\src\\i18n\\index.ts","statementMap":{"0":{"start":{"line":1,"column":0},"end":{"line":1,"column":26}},"1":{"start":{"line":2,"column":0},"end":{"line":2,"column":48}},"2":{"start":{"line":3,"column":0},"end":{"line":3,"column":63}},"3":{"start":{"line":5,"column":18},"end":{"line":42,"column":null}},"4":{"start":{"line":44,"column":0},"end":{"line":55,"column":null}},"5":{"start":{"line":57,"column":0},"end":{"line":57,"column":null}}},"fnMap":{},"branchMap":{},"s":{"0":1,"1":1,"2":1,"3":1,"4":1,"5":1},"f":{},"b":{}}
}
