TN:
SF:src\App.tsx
FN:13,(anonymous_10)
FN:13,(anonymous_11)
FN:14,(anonymous_12)
FN:14,(anonymous_13)
FN:33,(anonymous_14)
FN:44,(anonymous_15)
FN:45,(anonymous_16)
FN:46,(anonymous_17)
FN:48,(anonymous_18)
FN:51,(anonymous_19)
FN:52,(anonymous_20)
FN:53,(anonymous_21)
FN:60,(anonymous_22)
FN:66,(anonymous_23)
FN:73,(anonymous_24)
FN:76,(anonymous_25)
FN:84,(anonymous_26)
FN:87,(anonymous_27)
FNF:18
FNH:0
FNDA:0,(anonymous_10)
FNDA:0,(anonymous_11)
FNDA:0,(anonymous_12)
FNDA:0,(anonymous_13)
FNDA:0,(anonymous_14)
FNDA:0,(anonymous_15)
FNDA:0,(anonymous_16)
FNDA:0,(anonymous_17)
FNDA:0,(anonymous_18)
FNDA:0,(anonymous_19)
FNDA:0,(anonymous_20)
FNDA:0,(anonymous_21)
FNDA:0,(anonymous_22)
FNDA:0,(anonymous_23)
FNDA:0,(anonymous_24)
FNDA:0,(anonymous_25)
FNDA:0,(anonymous_26)
FNDA:0,(anonymous_27)
DA:3,0
DA:5,0
DA:6,0
DA:7,0
DA:8,0
DA:10,0
DA:11,0
DA:13,0
DA:14,0
DA:17,0
DA:33,0
DA:34,0
DA:35,0
DA:36,0
DA:37,0
DA:38,0
DA:39,0
DA:41,0
DA:42,0
DA:44,0
DA:45,0
DA:46,0
DA:48,0
DA:51,0
DA:52,0
DA:53,0
DA:55,0
DA:56,0
DA:58,0
DA:60,0
DA:61,0
DA:62,0
DA:66,0
DA:67,0
DA:70,0
DA:73,0
DA:74,0
DA:75,0
DA:76,0
DA:77,0
DA:78,0
DA:81,0
DA:84,0
DA:85,0
DA:86,0
DA:87,0
DA:88,0
DA:89,0
DA:92,0
DA:96,0
DA:251,0
LF:51
LH:0
BRDA:58,0,0,0
BRDA:70,1,0,0
BRDA:74,2,0,0
BRDA:74,2,1,0
BRDA:85,3,0,0
BRDA:85,3,1,0
BRDA:122,4,0,0
BRDA:122,4,1,0
BRDA:123,5,0,0
BRDA:123,5,1,0
BRDA:124,6,0,0
BRDA:124,6,1,0
BRDA:130,7,0,0
BRDA:130,7,1,0
BRDA:170,8,0,0
BRDA:170,8,1,0
BRDA:171,9,0,0
BRDA:171,9,1,0
BRDA:172,10,0,0
BRDA:172,10,1,0
BRDA:174,11,0,0
BRDA:174,11,1,0
BRDA:177,12,0,0
BRDA:177,12,1,0
BRDA:182,13,0,0
BRDA:182,13,1,0
BRDA:182,13,2,0
BRDA:226,14,0,0
BRDA:226,14,1,0
BRDA:227,15,0,0
BRDA:227,15,1,0
BRDA:228,16,0,0
BRDA:228,16,1,0
BRDA:230,17,0,0
BRDA:230,17,1,0
BRDA:233,18,0,0
BRDA:233,18,1,0
BRDA:238,19,0,0
BRDA:238,19,1,0
BRDA:238,19,2,0
BRF:40
BRH:0
end_of_record
TN:
SF:src\bootstrap.tsx
FNF:0
FNH:0
DA:1,0
DA:2,0
DA:3,0
DA:5,0
DA:7,0
LF:5
LH:0
BRF:0
BRH:0
end_of_record
TN:
SF:src\components\Layout\Header\Header.styles.ts
FNF:0
FNH:0
DA:1,0
DA:3,0
LF:2
LH:0
BRDA:3,0,0,0
BRDA:3,0,1,0
BRF:2
BRH:0
end_of_record
TN:
SF:src\components\Layout\Header\Header.tsx
FN:7,(anonymous_0)
FNF:1
FNH:0
FNDA:0,(anonymous_0)
DA:2,0
DA:3,0
DA:4,0
DA:5,0
DA:7,0
DA:8,0
DA:9,0
DA:11,0
LF:8
LH:0
BRF:0
BRH:0
end_of_record
TN:
SF:src\components\MicrofrontendLoader\MicrofrontendLoader.tsx
FN:13,(anonymous_9)
FN:17,(anonymous_10)
FN:19,(anonymous_11)
FNF:3
FNH:0
FNDA:0,(anonymous_9)
FNDA:0,(anonymous_10)
FNDA:0,(anonymous_11)
DA:4,0
DA:5,0
DA:6,0
DA:13,0
DA:14,0
DA:16,0
DA:19,0
DA:22,0
LF:8
LH:0
BRF:0
BRH:0
end_of_record
TN:
SF:src\components\UI\Button\Button.styles.ts
FNF:0
FNH:0
DA:1,1
DA:3,1
DA:10,1
LF:3
LH:3
BRDA:3,0,0,1
BRDA:3,0,1,1
BRDA:10,1,0,1
BRDA:10,1,1,1
BRF:4
BRH:4
end_of_record
TN:
SF:src\components\UI\Button\Button.tsx
FN:15,(anonymous_0)
FNF:1
FNH:1
FNDA:4,(anonymous_0)
DA:4,1
DA:15,1
DA:16,4
DA:17,4
DA:18,4
DA:19,4
DA:20,4
DA:21,4
DA:23,4
DA:25,4
LF:10
LH:10
BRDA:18,0,0,3
BRDA:18,0,1,1
BRDA:19,1,0,4
BRDA:19,1,1,0
BRDA:21,2,0,3
BRDA:21,2,1,1
BRDA:23,3,0,4
BRDA:23,3,1,0
BRDA:27,4,0,4
BRDA:27,4,1,0
BRF:10
BRH:7
end_of_record
TN:
SF:src\components\UI\LanguageSwitcher\LanguageSwitcher.styles.ts
FNF:0
FNH:0
DA:1,1
DA:3,1
LF:2
LH:2
BRDA:3,0,0,1
BRDA:3,0,1,1
BRF:2
BRH:2
end_of_record
TN:
SF:src\components\UI\LanguageSwitcher\LanguageSwitcher.tsx
FN:12,(anonymous_0)
FN:13,(anonymous_1)
FNF:2
FNH:2
FNDA:5,(anonymous_0)
FNDA:1,(anonymous_1)
DA:4,1
DA:12,5
DA:13,5
DA:14,1
DA:17,5
LF:5
LH:5
BRF:0
BRH:0
end_of_record
TN:
SF:src\components\UI\LoadingSpinner\LoadingSpinner.styles.ts
FNF:0
FNH:0
DA:1,0
DA:3,0
DA:8,0
LF:3
LH:0
BRDA:3,0,0,0
BRDA:3,0,1,0
BRDA:8,1,0,0
BRDA:8,1,1,0
BRF:4
BRH:0
end_of_record
TN:
SF:src\components\UI\LoadingSpinner\LoadingSpinner.tsx
FN:5,(anonymous_0)
FNF:1
FNH:0
FNDA:0,(anonymous_0)
DA:2,0
DA:3,0
DA:5,0
DA:6,0
DA:8,0
LF:5
LH:0
BRF:0
BRH:0
end_of_record
TN:
SF:src\components\UI\Title\Title.styles.ts
FNF:0
FNH:0
DA:1,0
DA:3,0
DA:19,0
DA:29,0
DA:45,0
DA:72,0
DA:88,0
DA:108,0
DA:128,0
DA:162,0
DA:173,0
DA:178,0
DA:201,0
LF:13
LH:0
BRDA:3,0,0,0
BRDA:3,0,1,0
BRDA:19,1,0,0
BRDA:19,1,1,0
BRDA:29,2,0,0
BRDA:29,2,1,0
BRDA:45,3,0,0
BRDA:45,3,1,0
BRDA:72,4,0,0
BRDA:72,4,1,0
BRDA:88,5,0,0
BRDA:88,5,1,0
BRDA:108,6,0,0
BRDA:108,6,1,0
BRDA:128,7,0,0
BRDA:128,7,1,0
BRDA:162,8,0,0
BRDA:162,8,1,0
BRDA:173,9,0,0
BRDA:173,9,1,0
BRDA:178,10,0,0
BRDA:178,10,1,0
BRDA:201,11,0,0
BRDA:201,11,1,0
BRF:24
BRH:0
end_of_record
TN:
SF:src\contexts\LanguageContext.tsx
FN:14,(anonymous_1)
FN:17,(anonymous_2)
FN:25,(anonymous_3)
FNF:3
FNH:1
FNDA:4,(anonymous_1)
FNDA:0,(anonymous_2)
FNDA:0,(anonymous_3)
DA:4,1
DA:5,1
DA:8,1
DA:14,4
DA:15,4
DA:17,4
DA:18,0
DA:19,0
DA:22,4
DA:25,1
DA:26,0
DA:27,0
DA:28,0
DA:30,0
LF:14
LH:8
BRDA:27,0,0,0
BRF:1
BRH:0
end_of_record
TN:
SF:src\i18n\index.ts
FNF:0
FNH:0
DA:1,1
DA:2,1
DA:3,1
DA:5,1
DA:44,1
DA:57,1
LF:6
LH:6
BRF:0
BRH:0
end_of_record
